<?xml version="1.0" encoding="UTF-8"?>
<!-- Generated by org.testng.reporters.JUnitReportReporter -->
<testsuite hostname="DESKTOP-2HCI6RG" failures="0" tests="6" name="com.cognizant.hackathon.test.JustDialHomePageTest" time="70.630" errors="0" timestamp="2023-07-22T12:10:12 IST" skipped="0">
  <testcase classname="com.cognizant.hackathon.test.JustDialHomePageTest" name="CloseLoginPopUp" time="20.806"/>
  <testcase classname="com.cognizant.hackathon.test.JustDialHomePageTest" name="SettingSearchLocationAsKolkata" time="2.729"/>
  <testcase classname="com.cognizant.hackathon.test.JustDialHomePageTest" name="SearchingForCarWashingServices" time="0.762"/>
  <testcase classname="com.cognizant.hackathon.test.JustDialHomePageTest" name="SortingSearchResultByRatingDescending" time="11.218"/>
  <testcase classname="com.cognizant.hackathon.test.JustDialHomePageTest" name="PrintingNamesAndPhoneNumbersOfTopFiveResult" time="28.177"/>
  <testcase classname="com.cognizant.hackathon.test.JustDialHomePageTest" name="NavigateBackToHomePage" time="6.938"/>
</testsuite> <!-- com.cognizant.hackathon.test.JustDialHomePageTest -->
