<?xml version="1.0" encoding="UTF-8"?>
<!-- Generated by org.testng.reporters.JUnitReportReporter -->
<testsuite hostname="DESKTOP-2HCI6RG" failures="0" tests="3" name="com.cognizant.hackathon.test.JustDialGymPageTest" time="13.678" errors="0" timestamp="2023-07-22T12:10:12 IST" skipped="0">
  <testcase classname="com.cognizant.hackathon.test.JustDialGymPageTest" name="CloseLoginPopUp" time="11.569"/>
  <testcase classname="com.cognizant.hackathon.test.JustDialGymPageTest" name="SelectingGymOptionInMainPage" time="0.897"/>
  <testcase classname="com.cognizant.hackathon.test.JustDialGymPageTest" name="GettingTheSubMenuItemsListOfGym" time="1.212"/>
</testsuite> <!-- com.cognizant.hackathon.test.JustDialGymPageTest -->
