<?xml version="1.0" encoding="UTF-8"?>
<!-- Generated by org.testng.reporters.JUnitReportReporter -->
<testsuite hostname="LT103034" failures="0" tests="4" name="homePageTest.JustDialHomePageTest" time="0.000" errors="0" timestamp="2023-07-06T15:54:58 IST" skipped="4">
  <testcase classname="homePageTest.JustDialHomePageTest" name="CloseLoginPopUp" time="0.000">
    <skipped/>
  </testcase> <!-- CloseLoginPopUp -->
  <testcase classname="homePageTest.JustDialHomePageTest" name="SettingSearchLocationAsKolkata" time="0.000">
    <skipped/>
  </testcase> <!-- SettingSearchLocationAsKolkata -->
  <testcase classname="homePageTest.JustDialHomePageTest" name="SearchingForCarWashingServices" time="0.000">
    <skipped/>
  </testcase> <!-- SearchingForCarWashingServices -->
  <testcase classname="homePageTest.JustDialHomePageTest" name="SortingSearchResultByRatingDescending" time="0.000">
    <skipped/>
  </testcase> <!-- SortingSearchResultByRatingDescending -->
</testsuite> <!-- homePageTest.JustDialHomePageTest -->
